<?xml version="1.0" encoding="UTF-8"?>
<!-- Generated by org.testng.reporters.JUnitReportReporter -->
<testsuite hostname="MacBook-Air.local" name="Practise.Login" tests="1" failures="0" timestamp="25 Aug 2020 16:41:32 GMT" time="9.733" errors="0">
  <testcase name="Case1" time="9.733" classname="Practise.Login"/>
</testsuite> <!-- Practise.Login -->
